  Source.cpp
C:\Users\461962\Documents\GitHub\6t7\6.1\6.1\Source.cpp(13,14): error C4430: missing type specifier - int assumed. Note: C++ does not support default-int
C:\Users\461962\Documents\GitHub\6t7\6.1\6.1\Source.cpp(13,1): error C2369: 'longone': redefinition; different subscripts
C:\Users\461962\Documents\GitHub\6t7\6.1\6.1\Source.cpp(11): message : see declaration of 'longone'
C:\Users\461962\Documents\GitHub\6t7\6.1\6.1\Source.cpp(14,14): error C4430: missing type specifier - int assumed. Note: C++ does not support default-int
C:\Users\461962\Documents\GitHub\6t7\6.1\6.1\Source.cpp(14,1): error C2369: 'longone': redefinition; different subscripts
C:\Users\461962\Documents\GitHub\6t7\6.1\6.1\Source.cpp(11): message : see declaration of 'longone'
C:\Users\461962\Documents\GitHub\6t7\6.1\6.1\Source.cpp(15,14): error C4430: missing type specifier - int assumed. Note: C++ does not support default-int
C:\Users\461962\Documents\GitHub\6t7\6.1\6.1\Source.cpp(15,1): error C2369: 'longone': redefinition; different subscripts
C:\Users\461962\Documents\GitHub\6t7\6.1\6.1\Source.cpp(11): message : see declaration of 'longone'
C:\Users\461962\Documents\GitHub\6t7\6.1\6.1\Source.cpp(16,14): error C4430: missing type specifier - int assumed. Note: C++ does not support default-int
C:\Users\461962\Documents\GitHub\6t7\6.1\6.1\Source.cpp(16,1): error C2369: 'longone': redefinition; different subscripts
C:\Users\461962\Documents\GitHub\6t7\6.1\6.1\Source.cpp(11): message : see declaration of 'longone'
C:\Users\461962\Documents\GitHub\6t7\6.1\6.1\Source.cpp(17,14): error C4430: missing type specifier - int assumed. Note: C++ does not support default-int
C:\Users\461962\Documents\GitHub\6t7\6.1\6.1\Source.cpp(17,1): error C2369: 'longone': redefinition; different subscripts
C:\Users\461962\Documents\GitHub\6t7\6.1\6.1\Source.cpp(11): message : see declaration of 'longone'
C:\Users\461962\Documents\GitHub\6t7\6.1\6.1\Source.cpp(18,14): error C4430: missing type specifier - int assumed. Note: C++ does not support default-int
C:\Users\461962\Documents\GitHub\6t7\6.1\6.1\Source.cpp(18,1): error C2369: 'longone': redefinition; different subscripts
C:\Users\461962\Documents\GitHub\6t7\6.1\6.1\Source.cpp(11): message : see declaration of 'longone'
C:\Users\461962\Documents\GitHub\6t7\6.1\6.1\Source.cpp(19,14): error C4430: missing type specifier - int assumed. Note: C++ does not support default-int
C:\Users\461962\Documents\GitHub\6t7\6.1\6.1\Source.cpp(19,1): error C2369: 'longone': redefinition; different subscripts
C:\Users\461962\Documents\GitHub\6t7\6.1\6.1\Source.cpp(11): message : see declaration of 'longone'
C:\Users\461962\Documents\GitHub\6t7\6.1\6.1\Source.cpp(20,14): error C4430: missing type specifier - int assumed. Note: C++ does not support default-int
C:\Users\461962\Documents\GitHub\6t7\6.1\6.1\Source.cpp(20,1): error C2374: 'longone': redefinition; multiple initialization
C:\Users\461962\Documents\GitHub\6t7\6.1\6.1\Source.cpp(11): message : see declaration of 'longone'
